<?xml version="1.0" encoding="UTF-8"?>
<!-- Generated by org.testng.reporters.JUnitReportReporter -->
<testsuite skipped="0" hostname="LAPTOP-IQPVDVUP" name="Mavenjava2.SeleniumTest" tests="2" failures="0" timestamp="2020-10-06T00:19:47 IST" time="0.005" errors="0">
  <testcase name="BrowserAUtomation" time="0.004" classname="Mavenjava2.SeleniumTest"/>
  <system-out/>
  <testcase name="elementsUi" time="0.001" classname="Mavenjava2.SeleniumTest"/>
  <system-out/>
</testsuite> <!-- Mavenjava2.SeleniumTest -->
