<?xml version="1.0" encoding="UTF-8"?>
<!-- Generated by org.testng.reporters.JUnitReportReporter -->
<testsuite skipped="0" hostname="LAPTOP-IQPVDVUP" name="Mavenjava2.AppiumTest" tests="2" failures="0" timestamp="2020-10-06T00:19:31 IST" time="0.000" errors="0">
  <testcase name="NativeAPpAndroid" time="0.000" classname="Mavenjava2.AppiumTest"/>
  <system-out/>
  <testcase name="IOSApps" time="0.000" classname="Mavenjava2.AppiumTest"/>
  <system-out/>
</testsuite> <!-- Mavenjava2.AppiumTest -->
