<?xml version="1.0" encoding="UTF-8"?>
<!-- Generated by org.testng.reporters.JUnitReportReporter -->
<testsuite skipped="0" hostname="LAPTOP-IQPVDVUP" name="Mavenjava2.RESTAPITest" tests="2" failures="0" timestamp="2020-10-06T00:19:47 IST" time="0.002" errors="0">
  <testcase name="deleteTwitter" time="0.000" classname="Mavenjava2.RESTAPITest"/>
  <system-out/>
  <testcase name="postJira" time="0.002" classname="Mavenjava2.RESTAPITest"/>
  <system-out/>
</testsuite> <!-- Mavenjava2.RESTAPITest -->
